2020-07-02 09:35:31,497 [Worker-6: Loading available Gradle versions] INFO  o.e.b.c.i.u.g.PublishedGradleVersions - Gradle version information cache is up-to-date. Trying to read.
2020-07-02 09:39:00,177 [Worker-16: Creating maven-archetype-quickstart] INFO  o.e.m.c.i.p.ProjectConfigurationManager - Collecting project info '/pom.xml' C:\newworkspace\testmodules\pom.xml
2020-07-02 09:39:01,030 [Worker-16: Creating maven-archetype-quickstart] INFO  o.e.m.c.i.l.LifecycleMappingFactory - Using org.eclipse.m2e.jdt.JarLifecycleMapping lifecycle mapping for MavenProject: techfios:testmodules:0.0.1-SNAPSHOT @ C:\newworkspace\testmodules\pom.xml.
2020-07-02 09:39:01,243 [Worker-16: Creating maven-archetype-quickstart] INFO  o.e.m.j.i.AbstractJavaProjectConfigurator - Adding source folder /testmodules/src/main/java
2020-07-02 09:39:01,247 [Worker-16: Creating maven-archetype-quickstart] INFO  o.e.m.j.i.AbstractJavaProjectConfigurator - Adding source folder /testmodules/src/test/java
2020-07-02 09:39:01,730 [Worker-16: Creating maven-archetype-quickstart] INFO  o.e.m.c.i.p.ProjectConfigurationManager - Imported and configured 1 project(s) in 1 sec
2020-07-02 09:39:02,651 [Worker-19: Building] INFO  o.e.m.c.i.embedder.EclipseLogger - Using 'UTF-8' encoding to copy filtered resources.
2020-07-02 09:39:02,651 [Worker-19: Building] INFO  o.e.m.c.i.embedder.EclipseLogger - skip non existing resourceDirectory C:\newworkspace\testmodules\src\main\resources
2020-07-02 09:39:02,653 [Worker-19: Building] INFO  o.e.m.c.i.embedder.EclipseLogger - Using 'UTF-8' encoding to copy filtered resources.
2020-07-02 09:39:02,653 [Worker-19: Building] INFO  o.e.m.c.i.embedder.EclipseLogger - skip non existing resourceDirectory C:\newworkspace\testmodules\src\test\resources
2020-07-02 09:39:29,680 [main] INFO  o.e.m2e.actions.ExecutePomAction - Creating new launch configuration
2020-07-02 09:39:36,763 [Worker-16: Launching testmodules] INFO  o.e.m.i.launch.MavenLaunchDelegate - C:\newworkspace\testmodules
2020-07-02 09:39:36,768 [Worker-16: Launching testmodules] INFO  o.e.m.i.launch.MavenLaunchDelegate -  mvn -B clean install
2020-07-02 10:21:07,041 [Worker-10: Building] INFO  o.e.m.c.i.l.LifecycleMappingFactory - Using org.eclipse.m2e.jdt.JarLifecycleMapping lifecycle mapping for MavenProject: techfios:testmodules:0.0.1-SNAPSHOT @ C:\newworkspace\testmodules\pom.xml.
2020-07-02 10:21:07,545 [Worker-10: Building] INFO  o.e.m.c.i.embedder.EclipseLogger - Using 'UTF-8' encoding to copy filtered resources.
2020-07-02 10:21:07,545 [Worker-10: Building] INFO  o.e.m.c.i.embedder.EclipseLogger - skip non existing resourceDirectory C:\newworkspace\testmodules\src\main\resources
2020-07-02 10:21:07,547 [Worker-10: Building] INFO  o.e.m.c.i.embedder.EclipseLogger - Using 'UTF-8' encoding to copy filtered resources.
2020-07-02 10:21:07,547 [Worker-10: Building] INFO  o.e.m.c.i.embedder.EclipseLogger - skip non existing resourceDirectory C:\newworkspace\testmodules\src\test\resources
2020-07-02 10:21:09,067 [Worker-19: Building] INFO  o.e.m.c.i.embedder.EclipseLogger - Using 'UTF-8' encoding to copy filtered resources.
2020-07-02 10:21:09,068 [Worker-19: Building] INFO  o.e.m.c.i.embedder.EclipseLogger - skip non existing resourceDirectory C:\newworkspace\testmodules\src\main\resources
2020-07-02 10:21:09,069 [Worker-19: Building] INFO  o.e.m.c.i.embedder.EclipseLogger - Using 'UTF-8' encoding to copy filtered resources.
2020-07-02 10:21:09,070 [Worker-19: Building] INFO  o.e.m.c.i.embedder.EclipseLogger - skip non existing resourceDirectory C:\newworkspace\testmodules\src\test\resources
2020-07-02 10:21:14,648 [main] INFO  o.e.m2e.actions.ExecutePomAction - Using existing launch configuration
2020-07-02 10:21:14,768 [Worker-22: Launching testmodules] INFO  o.e.m.i.launch.MavenLaunchDelegate - C:\newworkspace\testmodules
2020-07-02 10:21:14,768 [Worker-22: Launching testmodules] INFO  o.e.m.i.launch.MavenLaunchDelegate -  mvn -B clean install
2020-07-02 10:21:33,930 [Worker-6: Building] INFO  o.e.m.c.i.embedder.EclipseLogger - Using 'UTF-8' encoding to copy filtered resources.
2020-07-02 10:21:33,930 [Worker-6: Building] INFO  o.e.m.c.i.embedder.EclipseLogger - skip non existing resourceDirectory C:\newworkspace\testmodules\src\main\resources
2020-07-02 10:21:33,931 [Worker-6: Building] INFO  o.e.m.c.i.embedder.EclipseLogger - Using 'UTF-8' encoding to copy filtered resources.
2020-07-02 10:21:33,931 [Worker-6: Building] INFO  o.e.m.c.i.embedder.EclipseLogger - skip non existing resourceDirectory C:\newworkspace\testmodules\src\test\resources
2020-07-02 10:21:42,852 [Worker-23: Building] INFO  o.e.m.c.i.embedder.EclipseLogger - Using 'UTF-8' encoding to copy filtered resources.
2020-07-02 10:21:42,852 [Worker-23: Building] INFO  o.e.m.c.i.embedder.EclipseLogger - skip non existing resourceDirectory C:\newworkspace\testmodules\src\main\resources
2020-07-02 10:21:42,853 [Worker-23: Building] INFO  o.e.m.c.i.embedder.EclipseLogger - Using 'UTF-8' encoding to copy filtered resources.
2020-07-02 10:21:42,853 [Worker-23: Building] INFO  o.e.m.c.i.embedder.EclipseLogger - skip non existing resourceDirectory C:\newworkspace\testmodules\src\test\resources
2020-07-02 10:22:35,303 [Worker-10: Building] INFO  o.e.m.c.i.embedder.EclipseLogger - Using 'UTF-8' encoding to copy filtered resources.
2020-07-02 10:22:35,303 [Worker-10: Building] INFO  o.e.m.c.i.embedder.EclipseLogger - skip non existing resourceDirectory C:\newworkspace\testmodules\src\main\resources
2020-07-02 10:22:35,305 [Worker-10: Building] INFO  o.e.m.c.i.embedder.EclipseLogger - Using 'UTF-8' encoding to copy filtered resources.
2020-07-02 10:22:35,306 [Worker-10: Building] INFO  o.e.m.c.i.embedder.EclipseLogger - skip non existing resourceDirectory C:\newworkspace\testmodules\src\test\resources
2020-07-02 10:22:51,468 [Worker-23: Building] INFO  o.e.m.c.i.embedder.EclipseLogger - Using 'UTF-8' encoding to copy filtered resources.
2020-07-02 10:22:51,469 [Worker-23: Building] INFO  o.e.m.c.i.embedder.EclipseLogger - skip non existing resourceDirectory C:\newworkspace\testmodules\src\main\resources
2020-07-02 10:22:51,470 [Worker-23: Building] INFO  o.e.m.c.i.embedder.EclipseLogger - Using 'UTF-8' encoding to copy filtered resources.
2020-07-02 10:22:51,471 [Worker-23: Building] INFO  o.e.m.c.i.embedder.EclipseLogger - skip non existing resourceDirectory C:\newworkspace\testmodules\src\test\resources
2020-07-02 10:23:17,058 [Worker-19: Building] INFO  o.e.m.c.i.embedder.EclipseLogger - Using 'UTF-8' encoding to copy filtered resources.
2020-07-02 10:23:17,058 [Worker-19: Building] INFO  o.e.m.c.i.embedder.EclipseLogger - skip non existing resourceDirectory C:\newworkspace\testmodules\src\main\resources
2020-07-02 10:23:17,060 [Worker-19: Building] INFO  o.e.m.c.i.embedder.EclipseLogger - Using 'UTF-8' encoding to copy filtered resources.
2020-07-02 10:23:17,060 [Worker-19: Building] INFO  o.e.m.c.i.embedder.EclipseLogger - skip non existing resourceDirectory C:\newworkspace\testmodules\src\test\resources
2020-07-02 10:23:38,610 [Worker-6: Building] INFO  o.e.m.c.i.embedder.EclipseLogger - Using 'UTF-8' encoding to copy filtered resources.
2020-07-02 10:23:38,611 [Worker-6: Building] INFO  o.e.m.c.i.embedder.EclipseLogger - skip non existing resourceDirectory C:\newworkspace\testmodules\src\main\resources
2020-07-02 10:23:38,613 [Worker-6: Building] INFO  o.e.m.c.i.embedder.EclipseLogger - Using 'UTF-8' encoding to copy filtered resources.
2020-07-02 10:23:38,614 [Worker-6: Building] INFO  o.e.m.c.i.embedder.EclipseLogger - skip non existing resourceDirectory C:\newworkspace\testmodules\src\test\resources
2020-07-02 10:23:54,036 [Worker-10: Building] INFO  o.e.m.c.i.embedder.EclipseLogger - Using 'UTF-8' encoding to copy filtered resources.
2020-07-02 10:23:54,037 [Worker-10: Building] INFO  o.e.m.c.i.embedder.EclipseLogger - skip non existing resourceDirectory C:\newworkspace\testmodules\src\main\resources
2020-07-02 10:23:54,038 [Worker-10: Building] INFO  o.e.m.c.i.embedder.EclipseLogger - Using 'UTF-8' encoding to copy filtered resources.
2020-07-02 10:23:54,038 [Worker-10: Building] INFO  o.e.m.c.i.embedder.EclipseLogger - skip non existing resourceDirectory C:\newworkspace\testmodules\src\test\resources
2020-07-02 10:24:39,903 [Worker-24: Building] INFO  o.e.m.c.i.embedder.EclipseLogger - Using 'UTF-8' encoding to copy filtered resources.
2020-07-02 10:24:39,903 [Worker-24: Building] INFO  o.e.m.c.i.embedder.EclipseLogger - skip non existing resourceDirectory C:\newworkspace\testmodules\src\main\resources
2020-07-02 10:24:39,904 [Worker-24: Building] INFO  o.e.m.c.i.embedder.EclipseLogger - Using 'UTF-8' encoding to copy filtered resources.
2020-07-02 10:24:39,904 [Worker-24: Building] INFO  o.e.m.c.i.embedder.EclipseLogger - skip non existing resourceDirectory C:\newworkspace\testmodules\src\test\resources
2020-07-02 10:25:06,890 [Worker-23: Building] INFO  o.e.m.c.i.embedder.EclipseLogger - Using 'UTF-8' encoding to copy filtered resources.
2020-07-02 10:25:06,890 [Worker-23: Building] INFO  o.e.m.c.i.embedder.EclipseLogger - skip non existing resourceDirectory C:\newworkspace\testmodules\src\main\resources
2020-07-02 10:25:06,891 [Worker-23: Building] INFO  o.e.m.c.i.embedder.EclipseLogger - Using 'UTF-8' encoding to copy filtered resources.
2020-07-02 10:25:06,891 [Worker-23: Building] INFO  o.e.m.c.i.embedder.EclipseLogger - skip non existing resourceDirectory C:\newworkspace\testmodules\src\test\resources
2020-07-02 10:25:07,930 [Worker-19: Building] INFO  o.e.m.c.i.embedder.EclipseLogger - Using 'UTF-8' encoding to copy filtered resources.
2020-07-02 10:25:07,930 [Worker-19: Building] INFO  o.e.m.c.i.embedder.EclipseLogger - skip non existing resourceDirectory C:\newworkspace\testmodules\src\main\resources
2020-07-02 10:25:07,931 [Worker-19: Building] INFO  o.e.m.c.i.embedder.EclipseLogger - Using 'UTF-8' encoding to copy filtered resources.
2020-07-02 10:25:07,931 [Worker-19: Building] INFO  o.e.m.c.i.embedder.EclipseLogger - skip non existing resourceDirectory C:\newworkspace\testmodules\src\test\resources
2020-07-02 10:25:30,325 [Worker-23: Building] INFO  o.e.m.c.i.embedder.EclipseLogger - Using 'UTF-8' encoding to copy filtered resources.
2020-07-02 10:25:30,326 [Worker-23: Building] INFO  o.e.m.c.i.embedder.EclipseLogger - skip non existing resourceDirectory C:\newworkspace\testmodules\src\main\resources
2020-07-02 10:25:30,327 [Worker-23: Building] INFO  o.e.m.c.i.embedder.EclipseLogger - Using 'UTF-8' encoding to copy filtered resources.
2020-07-02 10:25:30,327 [Worker-23: Building] INFO  o.e.m.c.i.embedder.EclipseLogger - skip non existing resourceDirectory C:\newworkspace\testmodules\src\test\resources
2020-07-02 10:29:55,787 [Worker-23: Building] INFO  o.e.m.c.i.embedder.EclipseLogger - Using 'UTF-8' encoding to copy filtered resources.
2020-07-02 10:29:55,788 [Worker-23: Building] INFO  o.e.m.c.i.embedder.EclipseLogger - skip non existing resourceDirectory C:\newworkspace\testmodules\src\main\resources
2020-07-02 10:29:55,788 [Worker-23: Building] INFO  o.e.m.c.i.embedder.EclipseLogger - Using 'UTF-8' encoding to copy filtered resources.
2020-07-02 10:29:55,789 [Worker-23: Building] INFO  o.e.m.c.i.embedder.EclipseLogger - skip non existing resourceDirectory C:\newworkspace\testmodules\src\test\resources
2020-07-02 10:30:10,878 [Worker-23: Building] INFO  o.e.m.c.i.embedder.EclipseLogger - Using 'UTF-8' encoding to copy filtered resources.
2020-07-02 10:30:10,878 [Worker-23: Building] INFO  o.e.m.c.i.embedder.EclipseLogger - skip non existing resourceDirectory C:\newworkspace\testmodules\src\main\resources
2020-07-02 10:30:10,878 [Worker-23: Building] INFO  o.e.m.c.i.embedder.EclipseLogger - Using 'UTF-8' encoding to copy filtered resources.
2020-07-02 10:30:10,878 [Worker-23: Building] INFO  o.e.m.c.i.embedder.EclipseLogger - skip non existing resourceDirectory C:\newworkspace\testmodules\src\test\resources
2020-07-02 10:35:22,291 [Worker-25: Building] INFO  o.e.m.c.i.embedder.EclipseLogger - Using 'UTF-8' encoding to copy filtered resources.
2020-07-02 10:35:22,292 [Worker-25: Building] INFO  o.e.m.c.i.embedder.EclipseLogger - skip non existing resourceDirectory C:\newworkspace\testmodules\src\main\resources
2020-07-02 10:35:22,293 [Worker-25: Building] INFO  o.e.m.c.i.embedder.EclipseLogger - Using 'UTF-8' encoding to copy filtered resources.
2020-07-02 10:35:22,293 [Worker-25: Building] INFO  o.e.m.c.i.embedder.EclipseLogger - skip non existing resourceDirectory C:\newworkspace\testmodules\src\test\resources
2020-07-02 10:35:45,262 [Worker-25: Building] INFO  o.e.m.c.i.embedder.EclipseLogger - Using 'UTF-8' encoding to copy filtered resources.
2020-07-02 10:35:45,262 [Worker-25: Building] INFO  o.e.m.c.i.embedder.EclipseLogger - skip non existing resourceDirectory C:\newworkspace\testmodules\src\main\resources
2020-07-02 10:35:45,263 [Worker-25: Building] INFO  o.e.m.c.i.embedder.EclipseLogger - Using 'UTF-8' encoding to copy filtered resources.
2020-07-02 10:35:45,263 [Worker-25: Building] INFO  o.e.m.c.i.embedder.EclipseLogger - skip non existing resourceDirectory C:\newworkspace\testmodules\src\test\resources
2020-07-02 10:36:28,890 [Worker-26: Building] INFO  o.e.m.c.i.embedder.EclipseLogger - Using 'UTF-8' encoding to copy filtered resources.
2020-07-02 10:36:28,891 [Worker-26: Building] INFO  o.e.m.c.i.embedder.EclipseLogger - skip non existing resourceDirectory C:\newworkspace\testmodules\src\main\resources
2020-07-02 10:36:28,891 [Worker-26: Building] INFO  o.e.m.c.i.embedder.EclipseLogger - Using 'UTF-8' encoding to copy filtered resources.
2020-07-02 10:36:28,891 [Worker-26: Building] INFO  o.e.m.c.i.embedder.EclipseLogger - skip non existing resourceDirectory C:\newworkspace\testmodules\src\test\resources
2020-07-02 10:39:34,496 [Worker-25: Building] INFO  o.e.m.c.i.embedder.EclipseLogger - Using 'UTF-8' encoding to copy filtered resources.
2020-07-02 10:39:34,497 [Worker-25: Building] INFO  o.e.m.c.i.embedder.EclipseLogger - skip non existing resourceDirectory C:\newworkspace\testmodules\src\main\resources
2020-07-02 10:39:34,498 [Worker-25: Building] INFO  o.e.m.c.i.embedder.EclipseLogger - Using 'UTF-8' encoding to copy filtered resources.
2020-07-02 10:39:34,498 [Worker-25: Building] INFO  o.e.m.c.i.embedder.EclipseLogger - skip non existing resourceDirectory C:\newworkspace\testmodules\src\test\resources
2020-07-02 10:41:04,982 [Worker-10: Building] INFO  o.e.m.c.i.embedder.EclipseLogger - Using 'UTF-8' encoding to copy filtered resources.
2020-07-02 10:41:04,983 [Worker-10: Building] INFO  o.e.m.c.i.embedder.EclipseLogger - skip non existing resourceDirectory C:\newworkspace\testmodules\src\main\resources
2020-07-02 10:41:04,983 [Worker-10: Building] INFO  o.e.m.c.i.embedder.EclipseLogger - Using 'UTF-8' encoding to copy filtered resources.
2020-07-02 10:41:04,984 [Worker-10: Building] INFO  o.e.m.c.i.embedder.EclipseLogger - skip non existing resourceDirectory C:\newworkspace\testmodules\src\test\resources
2020-07-02 10:45:23,283 [Worker-22: Building] INFO  o.e.m.c.i.embedder.EclipseLogger - Using 'UTF-8' encoding to copy filtered resources.
2020-07-02 10:45:23,284 [Worker-22: Building] INFO  o.e.m.c.i.embedder.EclipseLogger - skip non existing resourceDirectory C:\newworkspace\testmodules\src\main\resources
2020-07-02 10:45:23,285 [Worker-22: Building] INFO  o.e.m.c.i.embedder.EclipseLogger - Using 'UTF-8' encoding to copy filtered resources.
2020-07-02 10:45:23,285 [Worker-22: Building] INFO  o.e.m.c.i.embedder.EclipseLogger - skip non existing resourceDirectory C:\newworkspace\testmodules\src\test\resources
2020-07-02 10:46:27,202 [Worker-10: Building] INFO  o.e.m.c.i.embedder.EclipseLogger - Using 'UTF-8' encoding to copy filtered resources.
2020-07-02 10:46:27,203 [Worker-10: Building] INFO  o.e.m.c.i.embedder.EclipseLogger - skip non existing resourceDirectory C:\newworkspace\testmodules\src\main\resources
2020-07-02 10:46:27,203 [Worker-10: Building] INFO  o.e.m.c.i.embedder.EclipseLogger - Using 'UTF-8' encoding to copy filtered resources.
2020-07-02 10:46:27,203 [Worker-10: Building] INFO  o.e.m.c.i.embedder.EclipseLogger - skip non existing resourceDirectory C:\newworkspace\testmodules\src\test\resources
2020-07-02 10:46:56,693 [Worker-22: Building] INFO  o.e.m.c.i.embedder.EclipseLogger - Using 'UTF-8' encoding to copy filtered resources.
2020-07-02 10:46:56,693 [Worker-22: Building] INFO  o.e.m.c.i.embedder.EclipseLogger - skip non existing resourceDirectory C:\newworkspace\testmodules\src\main\resources
2020-07-02 10:46:56,694 [Worker-22: Building] INFO  o.e.m.c.i.embedder.EclipseLogger - Using 'UTF-8' encoding to copy filtered resources.
2020-07-02 10:46:56,695 [Worker-22: Building] INFO  o.e.m.c.i.embedder.EclipseLogger - skip non existing resourceDirectory C:\newworkspace\testmodules\src\test\resources
2020-07-02 10:52:32,068 [Worker-10: Building] INFO  o.e.m.c.i.embedder.EclipseLogger - Using 'UTF-8' encoding to copy filtered resources.
2020-07-02 10:52:32,069 [Worker-10: Building] INFO  o.e.m.c.i.embedder.EclipseLogger - skip non existing resourceDirectory C:\newworkspace\testmodules\src\main\resources
2020-07-02 10:52:32,070 [Worker-10: Building] INFO  o.e.m.c.i.embedder.EclipseLogger - Using 'UTF-8' encoding to copy filtered resources.
2020-07-02 10:52:32,071 [Worker-10: Building] INFO  o.e.m.c.i.embedder.EclipseLogger - skip non existing resourceDirectory C:\newworkspace\testmodules\src\test\resources
2020-07-02 10:54:30,475 [Worker-26: Building] INFO  o.e.m.c.i.embedder.EclipseLogger - Using 'UTF-8' encoding to copy filtered resources.
2020-07-02 10:54:30,475 [Worker-26: Building] INFO  o.e.m.c.i.embedder.EclipseLogger - skip non existing resourceDirectory C:\newworkspace\testmodules\src\main\resources
2020-07-02 10:54:30,475 [Worker-26: Building] INFO  o.e.m.c.i.embedder.EclipseLogger - Using 'UTF-8' encoding to copy filtered resources.
2020-07-02 10:54:30,475 [Worker-26: Building] INFO  o.e.m.c.i.embedder.EclipseLogger - skip non existing resourceDirectory C:\newworkspace\testmodules\src\test\resources
2020-07-02 10:56:29,625 [Worker-22: Building] INFO  o.e.m.c.i.embedder.EclipseLogger - Using 'UTF-8' encoding to copy filtered resources.
2020-07-02 10:56:29,625 [Worker-22: Building] INFO  o.e.m.c.i.embedder.EclipseLogger - skip non existing resourceDirectory C:\newworkspace\testmodules\src\main\resources
2020-07-02 10:56:29,626 [Worker-22: Building] INFO  o.e.m.c.i.embedder.EclipseLogger - Using 'UTF-8' encoding to copy filtered resources.
2020-07-02 10:56:29,626 [Worker-22: Building] INFO  o.e.m.c.i.embedder.EclipseLogger - skip non existing resourceDirectory C:\newworkspace\testmodules\src\test\resources
2020-07-02 10:59:31,344 [Worker-25: Launching loginRunner] INFO  o.e.m.c.i.embedder.EclipseLogger - Using 'UTF-8' encoding to copy filtered resources.
2020-07-02 10:59:31,344 [Worker-25: Launching loginRunner] INFO  o.e.m.c.i.embedder.EclipseLogger - skip non existing resourceDirectory C:\newworkspace\testmodules\src\main\resources
2020-07-02 10:59:31,345 [Worker-25: Launching loginRunner] INFO  o.e.m.c.i.embedder.EclipseLogger - Using 'UTF-8' encoding to copy filtered resources.
2020-07-02 10:59:31,345 [Worker-25: Launching loginRunner] INFO  o.e.m.c.i.embedder.EclipseLogger - skip non existing resourceDirectory C:\newworkspace\testmodules\src\test\resources
2020-07-02 11:18:40,118 [Worker-27: Launching loginRunner] INFO  o.e.m.c.i.embedder.EclipseLogger - Using 'UTF-8' encoding to copy filtered resources.
2020-07-02 11:18:40,118 [Worker-27: Launching loginRunner] INFO  o.e.m.c.i.embedder.EclipseLogger - skip non existing resourceDirectory C:\newworkspace\testmodules\src\main\resources
2020-07-02 11:18:40,118 [Worker-27: Launching loginRunner] INFO  o.e.m.c.i.embedder.EclipseLogger - Using 'UTF-8' encoding to copy filtered resources.
2020-07-02 11:18:40,118 [Worker-27: Launching loginRunner] INFO  o.e.m.c.i.embedder.EclipseLogger - skip non existing resourceDirectory C:\newworkspace\testmodules\src\test\resources
2020-07-02 11:19:48,934 [Worker-27: Building] INFO  o.e.m.c.i.embedder.EclipseLogger - Using 'UTF-8' encoding to copy filtered resources.
2020-07-02 11:19:48,934 [Worker-27: Building] INFO  o.e.m.c.i.embedder.EclipseLogger - skip non existing resourceDirectory C:\newworkspace\testmodules\src\main\resources
2020-07-02 11:19:48,935 [Worker-27: Building] INFO  o.e.m.c.i.embedder.EclipseLogger - Using 'UTF-8' encoding to copy filtered resources.
2020-07-02 11:19:48,935 [Worker-27: Building] INFO  o.e.m.c.i.embedder.EclipseLogger - skip non existing resourceDirectory C:\newworkspace\testmodules\src\test\resources
2020-07-02 11:21:23,614 [Worker-28: Building] INFO  o.e.m.c.i.embedder.EclipseLogger - Using 'UTF-8' encoding to copy filtered resources.
2020-07-02 11:21:23,614 [Worker-28: Building] INFO  o.e.m.c.i.embedder.EclipseLogger - skip non existing resourceDirectory C:\newworkspace\testmodules\src\main\resources
2020-07-02 11:21:23,615 [Worker-28: Building] INFO  o.e.m.c.i.embedder.EclipseLogger - Using 'UTF-8' encoding to copy filtered resources.
2020-07-02 11:21:23,615 [Worker-28: Building] INFO  o.e.m.c.i.embedder.EclipseLogger - skip non existing resourceDirectory C:\newworkspace\testmodules\src\test\resources
2020-07-02 11:28:18,842 [Worker-27: Launching loginRunner] INFO  o.e.m.c.i.embedder.EclipseLogger - Using 'UTF-8' encoding to copy filtered resources.
2020-07-02 11:28:18,843 [Worker-27: Launching loginRunner] INFO  o.e.m.c.i.embedder.EclipseLogger - skip non existing resourceDirectory C:\newworkspace\testmodules\src\main\resources
2020-07-02 11:28:18,844 [Worker-27: Launching loginRunner] INFO  o.e.m.c.i.embedder.EclipseLogger - Using 'UTF-8' encoding to copy filtered resources.
2020-07-02 11:28:18,844 [Worker-27: Launching loginRunner] INFO  o.e.m.c.i.embedder.EclipseLogger - skip non existing resourceDirectory C:\newworkspace\testmodules\src\test\resources
2020-07-02 11:31:46,739 [Worker-31: Building] INFO  o.e.m.c.i.embedder.EclipseLogger - Using 'UTF-8' encoding to copy filtered resources.
2020-07-02 11:31:46,740 [Worker-31: Building] INFO  o.e.m.c.i.embedder.EclipseLogger - skip non existing resourceDirectory C:\newworkspace\testmodules\src\main\resources
2020-07-02 11:31:46,741 [Worker-31: Building] INFO  o.e.m.c.i.embedder.EclipseLogger - Using 'UTF-8' encoding to copy filtered resources.
2020-07-02 11:31:46,741 [Worker-31: Building] INFO  o.e.m.c.i.embedder.EclipseLogger - skip non existing resourceDirectory C:\newworkspace\testmodules\src\test\resources
2020-07-02 11:48:41,468 [Worker-33: Launching runner] INFO  o.e.m.c.i.embedder.EclipseLogger - Using 'UTF-8' encoding to copy filtered resources.
2020-07-02 11:48:41,468 [Worker-33: Launching runner] INFO  o.e.m.c.i.embedder.EclipseLogger - skip non existing resourceDirectory C:\newworkspace\testmodules\src\main\resources
2020-07-02 11:48:41,469 [Worker-33: Launching runner] INFO  o.e.m.c.i.embedder.EclipseLogger - Using 'UTF-8' encoding to copy filtered resources.
2020-07-02 11:48:41,469 [Worker-33: Launching runner] INFO  o.e.m.c.i.embedder.EclipseLogger - skip non existing resourceDirectory C:\newworkspace\testmodules\src\test\resources
2020-07-02 11:51:16,067 [Worker-31: Building] INFO  o.e.m.c.i.embedder.EclipseLogger - Using 'UTF-8' encoding to copy filtered resources.
2020-07-02 11:51:16,068 [Worker-31: Building] INFO  o.e.m.c.i.embedder.EclipseLogger - skip non existing resourceDirectory C:\newworkspace\testmodules\src\main\resources
2020-07-02 11:51:16,068 [Worker-31: Building] INFO  o.e.m.c.i.embedder.EclipseLogger - Using 'UTF-8' encoding to copy filtered resources.
2020-07-02 11:51:16,069 [Worker-31: Building] INFO  o.e.m.c.i.embedder.EclipseLogger - skip non existing resourceDirectory C:\newworkspace\testmodules\src\test\resources
2020-07-02 11:55:23,187 [Worker-32: Launching loginRunner] INFO  o.e.m.c.i.embedder.EclipseLogger - Using 'UTF-8' encoding to copy filtered resources.
2020-07-02 11:55:23,188 [Worker-32: Launching loginRunner] INFO  o.e.m.c.i.embedder.EclipseLogger - skip non existing resourceDirectory C:\newworkspace\testmodules\src\main\resources
2020-07-02 11:55:23,189 [Worker-32: Launching loginRunner] INFO  o.e.m.c.i.embedder.EclipseLogger - Using 'UTF-8' encoding to copy filtered resources.
2020-07-02 11:55:23,189 [Worker-32: Launching loginRunner] INFO  o.e.m.c.i.embedder.EclipseLogger - skip non existing resourceDirectory C:\newworkspace\testmodules\src\test\resources
2020-07-02 11:56:50,572 [Worker-33: Launching loginRunner] INFO  o.e.m.c.i.embedder.EclipseLogger - Using 'UTF-8' encoding to copy filtered resources.
2020-07-02 11:56:50,572 [Worker-33: Launching loginRunner] INFO  o.e.m.c.i.embedder.EclipseLogger - skip non existing resourceDirectory C:\newworkspace\testmodules\src\main\resources
2020-07-02 11:56:50,573 [Worker-33: Launching loginRunner] INFO  o.e.m.c.i.embedder.EclipseLogger - Using 'UTF-8' encoding to copy filtered resources.
2020-07-02 11:56:50,573 [Worker-33: Launching loginRunner] INFO  o.e.m.c.i.embedder.EclipseLogger - skip non existing resourceDirectory C:\newworkspace\testmodules\src\test\resources
2020-07-02 12:00:08,667 [Worker-37: Building] INFO  o.e.m.c.i.embedder.EclipseLogger - Using 'UTF-8' encoding to copy filtered resources.
2020-07-02 12:00:08,668 [Worker-37: Building] INFO  o.e.m.c.i.embedder.EclipseLogger - skip non existing resourceDirectory C:\newworkspace\testmodules\src\main\resources
2020-07-02 12:00:08,670 [Worker-37: Building] INFO  o.e.m.c.i.embedder.EclipseLogger - Using 'UTF-8' encoding to copy filtered resources.
2020-07-02 12:00:08,670 [Worker-37: Building] INFO  o.e.m.c.i.embedder.EclipseLogger - skip non existing resourceDirectory C:\newworkspace\testmodules\src\test\resources
2020-07-02 12:11:15,500 [Worker-32: Building] INFO  o.e.m.c.i.embedder.EclipseLogger - Using 'UTF-8' encoding to copy filtered resources.
2020-07-02 12:11:15,500 [Worker-32: Building] INFO  o.e.m.c.i.embedder.EclipseLogger - skip non existing resourceDirectory C:\newworkspace\testmodules\src\main\resources
2020-07-02 12:11:15,501 [Worker-32: Building] INFO  o.e.m.c.i.embedder.EclipseLogger - Using 'UTF-8' encoding to copy filtered resources.
2020-07-02 12:11:15,501 [Worker-32: Building] INFO  o.e.m.c.i.embedder.EclipseLogger - skip non existing resourceDirectory C:\newworkspace\testmodules\src\test\resources
2020-07-02 12:15:57,179 [Worker-8: Building] INFO  o.e.m.c.i.embedder.EclipseLogger - Using 'UTF-8' encoding to copy filtered resources.
2020-07-02 12:15:57,182 [Worker-8: Building] INFO  o.e.m.c.i.embedder.EclipseLogger - skip non existing resourceDirectory C:\newworkspace\testmodules\src\main\resources
2020-07-02 12:15:57,183 [Worker-8: Building] INFO  o.e.m.c.i.embedder.EclipseLogger - Using 'UTF-8' encoding to copy filtered resources.
2020-07-02 12:15:57,184 [Worker-8: Building] INFO  o.e.m.c.i.embedder.EclipseLogger - skip non existing resourceDirectory C:\newworkspace\testmodules\src\test\resources
2020-07-02 12:16:00,149 [Worker-20: Loading available Gradle versions] INFO  o.e.b.c.i.u.g.PublishedGradleVersions - Gradle version information cache is up-to-date. Trying to read.
2020-07-02 12:22:15,348 [Worker-18: Launching loginRunner] INFO  o.e.m.c.i.embedder.EclipseLogger - Using 'UTF-8' encoding to copy filtered resources.
2020-07-02 12:22:15,348 [Worker-18: Launching loginRunner] INFO  o.e.m.c.i.embedder.EclipseLogger - skip non existing resourceDirectory C:\newworkspace\testmodules\src\main\resources
2020-07-02 12:22:15,349 [Worker-18: Launching loginRunner] INFO  o.e.m.c.i.embedder.EclipseLogger - Using 'UTF-8' encoding to copy filtered resources.
2020-07-02 12:22:15,350 [Worker-18: Launching loginRunner] INFO  o.e.m.c.i.embedder.EclipseLogger - skip non existing resourceDirectory C:\newworkspace\testmodules\src\test\resources
2020-07-02 12:23:54,812 [Worker-13: Building] INFO  o.e.m.c.i.embedder.EclipseLogger - Using 'UTF-8' encoding to copy filtered resources.
2020-07-02 12:23:54,813 [Worker-13: Building] INFO  o.e.m.c.i.embedder.EclipseLogger - skip non existing resourceDirectory C:\newworkspace\testmodules\src\main\resources
2020-07-02 12:23:54,814 [Worker-13: Building] INFO  o.e.m.c.i.embedder.EclipseLogger - Using 'UTF-8' encoding to copy filtered resources.
2020-07-02 12:23:54,814 [Worker-13: Building] INFO  o.e.m.c.i.embedder.EclipseLogger - skip non existing resourceDirectory C:\newworkspace\testmodules\src\test\resources
2020-07-02 12:26:59,656 [Worker-13: Building] INFO  o.e.m.c.i.embedder.EclipseLogger - Using 'UTF-8' encoding to copy filtered resources.
2020-07-02 12:26:59,656 [Worker-13: Building] INFO  o.e.m.c.i.embedder.EclipseLogger - skip non existing resourceDirectory C:\newworkspace\testmodules\src\main\resources
2020-07-02 12:26:59,658 [Worker-13: Building] INFO  o.e.m.c.i.embedder.EclipseLogger - Using 'UTF-8' encoding to copy filtered resources.
2020-07-02 12:26:59,658 [Worker-13: Building] INFO  o.e.m.c.i.embedder.EclipseLogger - skip non existing resourceDirectory C:\newworkspace\testmodules\src\test\resources
2020-07-02 12:30:04,630 [Worker-11: Building] INFO  o.e.m.c.i.embedder.EclipseLogger - Using 'UTF-8' encoding to copy filtered resources.
2020-07-02 12:30:04,630 [Worker-11: Building] INFO  o.e.m.c.i.embedder.EclipseLogger - skip non existing resourceDirectory C:\newworkspace\testmodules\src\main\resources
2020-07-02 12:30:04,631 [Worker-11: Building] INFO  o.e.m.c.i.embedder.EclipseLogger - Using 'UTF-8' encoding to copy filtered resources.
2020-07-02 12:30:04,631 [Worker-11: Building] INFO  o.e.m.c.i.embedder.EclipseLogger - skip non existing resourceDirectory C:\newworkspace\testmodules\src\test\resources
2020-07-02 12:33:45,807 [Worker-10: Building] INFO  o.e.m.c.i.embedder.EclipseLogger - Using 'UTF-8' encoding to copy filtered resources.
2020-07-02 12:33:45,807 [Worker-10: Building] INFO  o.e.m.c.i.embedder.EclipseLogger - skip non existing resourceDirectory C:\newworkspace\testmodules\src\main\resources
2020-07-02 12:33:45,809 [Worker-10: Building] INFO  o.e.m.c.i.embedder.EclipseLogger - Using 'UTF-8' encoding to copy filtered resources.
2020-07-02 12:33:45,809 [Worker-10: Building] INFO  o.e.m.c.i.embedder.EclipseLogger - skip non existing resourceDirectory C:\newworkspace\testmodules\src\test\resources
2020-07-02 12:36:54,820 [Worker-11: Building] INFO  o.e.m.c.i.embedder.EclipseLogger - Using 'UTF-8' encoding to copy filtered resources.
2020-07-02 12:36:54,820 [Worker-11: Building] INFO  o.e.m.c.i.embedder.EclipseLogger - skip non existing resourceDirectory C:\newworkspace\testmodules\src\main\resources
2020-07-02 12:36:54,821 [Worker-11: Building] INFO  o.e.m.c.i.embedder.EclipseLogger - Using 'UTF-8' encoding to copy filtered resources.
2020-07-02 12:36:54,821 [Worker-11: Building] INFO  o.e.m.c.i.embedder.EclipseLogger - skip non existing resourceDirectory C:\newworkspace\testmodules\src\test\resources
2020-07-02 12:40:16,607 [Worker-13: Building] INFO  o.e.m.c.i.embedder.EclipseLogger - Using 'UTF-8' encoding to copy filtered resources.
2020-07-02 12:40:16,607 [Worker-13: Building] INFO  o.e.m.c.i.embedder.EclipseLogger - skip non existing resourceDirectory C:\newworkspace\testmodules\src\main\resources
2020-07-02 12:40:16,609 [Worker-13: Building] INFO  o.e.m.c.i.embedder.EclipseLogger - Using 'UTF-8' encoding to copy filtered resources.
2020-07-02 12:40:16,609 [Worker-13: Building] INFO  o.e.m.c.i.embedder.EclipseLogger - skip non existing resourceDirectory C:\newworkspace\testmodules\src\test\resources
2020-07-02 12:41:52,542 [Worker-18: Building] INFO  o.e.m.c.i.embedder.EclipseLogger - Using 'UTF-8' encoding to copy filtered resources.
2020-07-02 12:41:52,542 [Worker-18: Building] INFO  o.e.m.c.i.embedder.EclipseLogger - skip non existing resourceDirectory C:\newworkspace\testmodules\src\main\resources
2020-07-02 12:41:52,543 [Worker-18: Building] INFO  o.e.m.c.i.embedder.EclipseLogger - Using 'UTF-8' encoding to copy filtered resources.
2020-07-02 12:41:52,543 [Worker-18: Building] INFO  o.e.m.c.i.embedder.EclipseLogger - skip non existing resourceDirectory C:\newworkspace\testmodules\src\test\resources
2020-07-02 12:48:17,678 [Worker-24: Building] INFO  o.e.m.c.i.embedder.EclipseLogger - Using 'UTF-8' encoding to copy filtered resources.
2020-07-02 12:48:17,678 [Worker-24: Building] INFO  o.e.m.c.i.embedder.EclipseLogger - skip non existing resourceDirectory C:\newworkspace\testmodules\src\main\resources
2020-07-02 12:48:17,679 [Worker-24: Building] INFO  o.e.m.c.i.embedder.EclipseLogger - Using 'UTF-8' encoding to copy filtered resources.
2020-07-02 12:48:17,680 [Worker-24: Building] INFO  o.e.m.c.i.embedder.EclipseLogger - skip non existing resourceDirectory C:\newworkspace\testmodules\src\test\resources
